-- The C compiler identification is GNU 11.4.0
-- The CXX compiler identification is GNU 11.4.0
-- Detecting C compiler ABI info
-- Detecting C compiler ABI info - done
-- Check for working C compiler: /usr/bin/cc - skipped
-- Detecting C compile features
-- Detecting C compile features - done
-- Detecting CXX compiler ABI info
-- Detecting CXX compiler ABI info - done
-- Check for working CXX compiler: /usr/bin/c++ - skipped
-- Detecting CXX compile features
-- Detecting CXX compile features - done
-- Found ament_cmake: 1.3.5 (/opt/ros/humble/share/ament_cmake/cmake)
-- Found Python3: /usr/bin/python3.10 (found version "3.10.12") found components: Interpreter 
-- Override CMake install command with custom implementation using symlinks instead of copying resources
-- Found rclcpp: 16.0.5 (/opt/ros/humble/share/rclcpp/cmake)
-- Found rosidl_generator_c: 3.1.5 (/opt/ros/humble/share/rosidl_generator_c/cmake)
-- Found rosidl_adapter: 3.1.5 (/opt/ros/humble/share/rosidl_adapter/cmake)
-- Found rosidl_generator_cpp: 3.1.5 (/opt/ros/humble/share/rosidl_generator_cpp/cmake)
-- Using all available rosidl_typesupport_c: rosidl_typesupport_fastrtps_c;rosidl_typesupport_introspection_c
-- Using all available rosidl_typesupport_cpp: rosidl_typesupport_fastrtps_cpp;rosidl_typesupport_introspection_cpp
-- Found rmw_implementation_cmake: 6.1.1 (/opt/ros/humble/share/rmw_implementation_cmake/cmake)
-- Found rmw_fastrtps_cpp: 6.2.3 (/opt/ros/humble/share/rmw_fastrtps_cpp/cmake)
-- Found OpenSSL: /usr/lib/x86_64-linux-gnu/libcrypto.so (found version "3.0.2")  
-- Found FastRTPS: /opt/ros/humble/include  
-- Using RMW implementation 'rmw_fastrtps_cpp' as default
-- Looking for pthread.h
-- Looking for pthread.h - found
-- Performing Test CMAKE_HAVE_LIBC_PTHREAD
-- Performing Test CMAKE_HAVE_LIBC_PTHREAD - Success
-- Found Threads: TRUE  
-- Found geometry_msgs: 4.2.3 (/opt/ros/humble/share/geometry_msgs/cmake)
-- Found nav_msgs: 4.2.3 (/opt/ros/humble/share/nav_msgs/cmake)
-- Found tf2_geometry_msgs: 0.25.3 (/opt/ros/humble/share/tf2_geometry_msgs/cmake)
-- Found eigen3_cmake_module: 0.1.1 (/opt/ros/humble/share/eigen3_cmake_module/cmake)
-- Found Eigen3: TRUE (found version "3.4.0") 
-- Ensuring Eigen3 include directory is part of orocos-kdl CMake target
-- Found ament_lint_auto: 0.12.7 (/opt/ros/humble/share/ament_lint_auto/cmake)
-- Added test 'cppcheck' to perform static code analysis on C / C++ code
-- Configured cppcheck include dirs: 
-- Configured cppcheck exclude dirs and/or files: 
-- Added test 'flake8' to check Python code syntax and style conventions
-- Added test 'lint_cmake' to check CMake code style
-- Added test 'pep257' to check Python code against some of the docstring style conventions in PEP 257
-- Added test 'uncrustify' to check C / C++ code style
-- Configured uncrustify additional arguments: 
-- Added test 'xmllint' to check XML markup files
-- Configuring done
-- Generating done
-- Build files have been written to: /home/ubuntu/happymimi_ros2_base/build/megarover3_bringup
[ 50%] [32mBuilding CXX object CMakeFiles/pub_odom.dir/src/pub_odom.cpp.o[0m
[100%] [32m[1mLinking CXX executable pub_odom[0m
[100%] Built target pub_odom
-- Install configuration: ""
-- Execute custom install script
-- Symlinking: /home/ubuntu/happymimi_ros2_base/install/megarover3_bringup/lib/megarover3_bringup/pub_odom
-- Symlinking: /home/ubuntu/happymimi_ros2_base/install/megarover3_bringup/share/megarover3_bringup/launch/mouse_teleop.launch.py
-- Symlinking: /home/ubuntu/happymimi_ros2_base/install/megarover3_bringup/share/megarover3_bringup/launch/robot.launch.py
-- Symlinking: /home/ubuntu/happymimi_ros2_base/install/megarover3_bringup/share/megarover3_bringup/rviz/mega3.rviz
-- Symlinking: /home/ubuntu/happymimi_ros2_base/install/megarover3_bringup/share/ament_index/resource_index/package_run_dependencies/megarover3_bringup
-- Symlinking: /home/ubuntu/happymimi_ros2_base/install/megarover3_bringup/share/ament_index/resource_index/parent_prefix_path/megarover3_bringup
-- Symlinking: /home/ubuntu/happymimi_ros2_base/install/megarover3_bringup/share/megarover3_bringup/environment/ament_prefix_path.sh
-- Symlinking: /home/ubuntu/happymimi_ros2_base/install/megarover3_bringup/share/megarover3_bringup/environment/ament_prefix_path.dsv
-- Symlinking: /home/ubuntu/happymimi_ros2_base/install/megarover3_bringup/share/megarover3_bringup/environment/path.sh
-- Symlinking: /home/ubuntu/happymimi_ros2_base/install/megarover3_bringup/share/megarover3_bringup/environment/path.dsv
-- Symlinking: /home/ubuntu/happymimi_ros2_base/install/megarover3_bringup/share/megarover3_bringup/local_setup.bash
-- Symlinking: /home/ubuntu/happymimi_ros2_base/install/megarover3_bringup/share/megarover3_bringup/local_setup.sh
-- Symlinking: /home/ubuntu/happymimi_ros2_base/install/megarover3_bringup/share/megarover3_bringup/local_setup.zsh
-- Symlinking: /home/ubuntu/happymimi_ros2_base/install/megarover3_bringup/share/megarover3_bringup/local_setup.dsv
-- Symlinking: /home/ubuntu/happymimi_ros2_base/install/megarover3_bringup/share/megarover3_bringup/package.dsv
-- Symlinking: /home/ubuntu/happymimi_ros2_base/install/megarover3_bringup/share/ament_index/resource_index/packages/megarover3_bringup
-- Symlinking: /home/ubuntu/happymimi_ros2_base/install/megarover3_bringup/share/megarover3_bringup/cmake/megarover3_bringupConfig.cmake
-- Symlinking: /home/ubuntu/happymimi_ros2_base/install/megarover3_bringup/share/megarover3_bringup/cmake/megarover3_bringupConfig-version.cmake
-- Symlinking: /home/ubuntu/happymimi_ros2_base/install/megarover3_bringup/share/megarover3_bringup/package.xml
