-- The C compiler identification is GNU 11.4.0
-- The CXX compiler identification is GNU 11.4.0
-- Detecting C compiler ABI info
-- Detecting C compiler ABI info - done
-- Check for working C compiler: /usr/bin/cc - skipped
-- Detecting C compile features
-- Detecting C compile features - done
-- Detecting CXX compiler ABI info
-- Detecting CXX compiler ABI info - done
-- Check for working CXX compiler: /usr/bin/c++ - skipped
-- Detecting CXX compile features
-- Detecting CXX compile features - done
-- Found ament_cmake: 1.3.5 (/opt/ros/humble/share/ament_cmake/cmake)
-- Found Python3: /usr/bin/python3.10 (found version "3.10.12") found components: Interpreter 
-- Override CMake install command with custom implementation using symlinks instead of copying resources
-- Configuring done
-- Generating done
-- Build files have been written to: /home/ubuntu/happymimi_ros2_base/build/megarover3
-- Install configuration: ""
-- Execute custom install script
-- Symlinking: /home/ubuntu/happymimi_ros2_base/install/megarover3/share/ament_index/resource_index/package_run_dependencies/megarover3
-- Symlinking: /home/ubuntu/happymimi_ros2_base/install/megarover3/share/ament_index/resource_index/parent_prefix_path/megarover3
-- Symlinking: /home/ubuntu/happymimi_ros2_base/install/megarover3/share/megarover3/environment/ament_prefix_path.sh
-- Symlinking: /home/ubuntu/happymimi_ros2_base/install/megarover3/share/megarover3/environment/ament_prefix_path.dsv
-- Symlinking: /home/ubuntu/happymimi_ros2_base/install/megarover3/share/megarover3/environment/path.sh
-- Symlinking: /home/ubuntu/happymimi_ros2_base/install/megarover3/share/megarover3/environment/path.dsv
-- Symlinking: /home/ubuntu/happymimi_ros2_base/install/megarover3/share/megarover3/local_setup.bash
-- Symlinking: /home/ubuntu/happymimi_ros2_base/install/megarover3/share/megarover3/local_setup.sh
-- Symlinking: /home/ubuntu/happymimi_ros2_base/install/megarover3/share/megarover3/local_setup.zsh
-- Symlinking: /home/ubuntu/happymimi_ros2_base/install/megarover3/share/megarover3/local_setup.dsv
-- Symlinking: /home/ubuntu/happymimi_ros2_base/install/megarover3/share/megarover3/package.dsv
-- Symlinking: /home/ubuntu/happymimi_ros2_base/install/megarover3/share/ament_index/resource_index/packages/megarover3
-- Symlinking: /home/ubuntu/happymimi_ros2_base/install/megarover3/share/megarover3/cmake/megarover3Config.cmake
-- Symlinking: /home/ubuntu/happymimi_ros2_base/install/megarover3/share/megarover3/cmake/megarover3Config-version.cmake
-- Symlinking: /home/ubuntu/happymimi_ros2_base/install/megarover3/share/megarover3/package.xml
