[0.666s] Invoking command in '/home/ubuntu/happymimi_ros2_base/build/happymimi_navigation': PYTHONPATH=/home/ubuntu/happymimi_ros2_base/build/happymimi_navigation/prefix_override:/home/ubuntu/happymimi_ros2_base/install/happymimi_navigation/lib/python3.10/site-packages:${PYTHONPATH} /usr/bin/python3 setup.py develop --editable --build-directory /home/ubuntu/happymimi_ros2_base/build/happymimi_navigation/build --no-deps install_data
[0.890s] running develop
[1.031s] running egg_info
[1.031s] creating happymimi_navigation.egg-info
[1.031s] writing happymimi_navigation.egg-info/PKG-INFO
[1.031s] writing dependency_links to happymimi_navigation.egg-info/dependency_links.txt
[1.031s] writing entry points to happymimi_navigation.egg-info/entry_points.txt
[1.032s] writing requirements to happymimi_navigation.egg-info/requires.txt
[1.032s] writing top-level names to happymimi_navigation.egg-info/top_level.txt
[1.032s] writing manifest file 'happymimi_navigation.egg-info/SOURCES.txt'
[1.033s] reading manifest file 'happymimi_navigation.egg-info/SOURCES.txt'
[1.034s] writing manifest file 'happymimi_navigation.egg-info/SOURCES.txt'
[1.035s] running build_ext
[1.035s] Creating /home/ubuntu/happymimi_ros2_base/install/happymimi_navigation/lib/python3.10/site-packages/happymimi-navigation.egg-link (link to .)
[1.035s] Installing navi_main script to /home/ubuntu/happymimi_ros2_base/install/happymimi_navigation/lib/happymimi_navigation
[1.036s] 
[1.036s] Installed /home/ubuntu/happymimi_ros2_base/build/happymimi_navigation
[1.036s] running install_data
[1.036s] creating /home/ubuntu/happymimi_ros2_base/install/happymimi_navigation/share/ament_index
[1.036s] creating /home/ubuntu/happymimi_ros2_base/install/happymimi_navigation/share/ament_index/resource_index
[1.036s] creating /home/ubuntu/happymimi_ros2_base/install/happymimi_navigation/share/ament_index/resource_index/packages
[1.036s] copying resource/happymimi_navigation -> /home/ubuntu/happymimi_ros2_base/install/happymimi_navigation/share/ament_index/resource_index/packages
[1.037s] copying package.xml -> /home/ubuntu/happymimi_ros2_base/install/happymimi_navigation/share/happymimi_navigation
[1.060s] Invoked command in '/home/ubuntu/happymimi_ros2_base/build/happymimi_navigation' returned '0': PYTHONPATH=/home/ubuntu/happymimi_ros2_base/build/happymimi_navigation/prefix_override:/home/ubuntu/happymimi_ros2_base/install/happymimi_navigation/lib/python3.10/site-packages:${PYTHONPATH} /usr/bin/python3 setup.py develop --editable --build-directory /home/ubuntu/happymimi_ros2_base/build/happymimi_navigation/build --no-deps install_data
